[debug] [2022-12-27T14:47:46.554Z] ----------------------------------------------------------------------
[debug] [2022-12-27T14:47:46.555Z] Command:       /opt/homebrew/Cellar/node@16/16.17.1/bin/node /opt/homebrew/bin/firebase init
[debug] [2022-12-27T14:47:46.555Z] CLI Version:   11.19.0
[debug] [2022-12-27T14:47:46.555Z] Platform:      darwin
[debug] [2022-12-27T14:47:46.555Z] Node Version:  v16.17.1
[debug] [2022-12-27T14:47:46.556Z] Time:          Tue Dec 27 2022 11:47:46 GMT-0300 (Horário Padrão de Brasília)
[debug] [2022-12-27T14:47:46.556Z] ----------------------------------------------------------------------
[debug] 
[debug] [2022-12-27T14:47:46.559Z] > command requires scopes: ["email","openid","https://www.googleapis.com/auth/cloudplatformprojects.readonly","https://www.googleapis.com/auth/firebase","https://www.googleapis.com/auth/cloud-platform"]
[debug] [2022-12-27T14:47:46.559Z] > authorizing via signed-in user (eliasgalindo@gmail.com)
[info] 
     ######## #### ########  ######## ########     ###     ######  ########
     ##        ##  ##     ## ##       ##     ##  ##   ##  ##       ##
     ######    ##  ########  ######   ########  #########  ######  ######
     ##        ##  ##    ##  ##       ##     ## ##     ##       ## ##
     ##       #### ##     ## ######## ########  ##     ##  ######  ########

You're about to initialize a Firebase project in this directory:

  /Users/eliasgalindo/Dev/environbit/favorite-movies

[info] 
=== Project Setup
[info] 
[info] First, let's associate this project directory with a Firebase project.
[info] You can create multiple project aliases by running firebase use --add, 
[info] but for now we'll just set up a default project.
[info] 
[debug] [2022-12-27T14:48:58.185Z] > refreshing access token with scopes: []
[debug] [2022-12-27T14:48:58.190Z] >>> [apiv2][query] POST https://www.googleapis.com/oauth2/v3/token [none]
[debug] [2022-12-27T14:48:58.190Z] >>> [apiv2][body] POST https://www.googleapis.com/oauth2/v3/token [omitted]
[debug] [2022-12-27T14:48:58.772Z] <<< [apiv2][status] POST https://www.googleapis.com/oauth2/v3/token 200
[debug] [2022-12-27T14:48:58.773Z] <<< [apiv2][body] POST https://www.googleapis.com/oauth2/v3/token [omitted]
[debug] [2022-12-27T14:48:58.787Z] >>> [apiv2][query] GET https://firebase.googleapis.com/v1beta1/projects pageSize=100
[debug] [2022-12-27T14:48:59.607Z] <<< [apiv2][status] GET https://firebase.googleapis.com/v1beta1/projects 200
[debug] [2022-12-27T14:48:59.607Z] <<< [apiv2][body] GET https://firebase.googleapis.com/v1beta1/projects [omitted]
[info] i  Using project favorite-movies-3a878 (favorite-movies) 
[info] 
=== Hosting Setup
[info] 
[info] Your public directory is the folder (relative to your project directory) that
[info] will contain Hosting assets to be uploaded with firebase deploy. If you
[info] have a build process for your assets, use your build's output directory.
[info] 
[info] ✔  Wrote build/404.html 
[debug] [2022-12-27T14:49:54.667Z] >>> [apiv2][query] GET https://www.gstatic.com/firebasejs/releases.json [none]
[debug] [2022-12-27T14:49:55.001Z] <<< [apiv2][status] GET https://www.gstatic.com/firebasejs/releases.json 200
[debug] [2022-12-27T14:49:55.001Z] <<< [apiv2][body] GET https://www.gstatic.com/firebasejs/releases.json {"current":{"version":"9.15.0","browserURL":"https://www.gstatic.com/firebasejs/9.15.0/firebase.js","packageURL":"https://www.gstatic.com/firebasejs/9.15.0/firebase.tgz"},"live":{"version":"9.15","browserURL":"https://www.gstatic.com/firebasejs/live/9.15/firebase.js","packageURL":"https://www.gstatic.com/firebasejs/live/9.15/firebase.tgz"},"components":{"analytics":"https://www.gstatic.com/firebasejs/9.15.0/firebase-analytics.js","app":"https://www.gstatic.com/firebasejs/9.15.0/firebase-app.js","app-check":"https://www.gstatic.com/firebasejs/9.15.0/firebase-app-check.js","auth":"https://www.gstatic.com/firebasejs/9.15.0/firebase-auth.js","auth/cordova":"https://www.gstatic.com/firebasejs/9.15.0/firebase-auth/cordova.js","auth/react-native":"https://www.gstatic.com/firebasejs/9.15.0/firebase-auth/react-native.js","functions":"https://www.gstatic.com/firebasejs/9.15.0/firebase-functions.js","firestore":"https://www.gstatic.com/firebasejs/9.15.0/firebase-firestore.js","firestore/lite":"https://www.gstatic.com/firebasejs/9.15.0/firebase-firestore/lite.js","installations":"https://www.gstatic.com/firebasejs/9.15.0/firebase-installations.js","storage":"https://www.gstatic.com/firebasejs/9.15.0/firebase-storage.js","performance":"https://www.gstatic.com/firebasejs/9.15.0/firebase-performance.js","remote-config":"https://www.gstatic.com/firebasejs/9.15.0/firebase-remote-config.js","messaging":"https://www.gstatic.com/firebasejs/9.15.0/firebase-messaging.js","messaging/sw":"https://www.gstatic.com/firebasejs/9.15.0/firebase-messaging/sw.js","database":"https://www.gstatic.com/firebasejs/9.15.0/firebase-database.js","firestore.memory":"https://www.gstatic.com/firebasejs/9.15.0/firebase-firestore.memory.js"}}
[info] ✔  Wrote build/index.html 
[info] 
[info] i  Detected a .git folder at /Users/eliasgalindo/Dev/environbit 
[info] i  Authorizing with GitHub to upload your service account to a GitHub repository's secrets store. 
[info] 
[info] Visit this URL on this device to log in:
[info] https://github.com/login/oauth/authorize?client_id=89cf50f02ac6aaed3484&state=873113752&redirect_uri=http%3A%2F%2Flocalhost%3A9005&scope=read%3Auser%20repo%20public_repo
[info] 
[info] Waiting for authentication...
[debug] [2022-12-27T14:49:55.804Z] >>> [apiv2][query] POST https://github.com/login/oauth/access_token [none]
[debug] [2022-12-27T14:49:55.804Z] >>> [apiv2][body] POST https://github.com/login/oauth/access_token [stream]
[debug] [2022-12-27T14:49:56.211Z] <<< [apiv2][status] POST https://github.com/login/oauth/access_token 200
[debug] [2022-12-27T14:49:56.211Z] <<< [apiv2][body] POST https://github.com/login/oauth/access_token {"access_token":"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","token_type":"bearer","scope":"read:user,repo"}
[debug] [2022-12-27T14:49:56.225Z] >>> [apiv2][query] GET https://api.github.com/user [none]
[debug] [2022-12-27T14:49:56.603Z] <<< [apiv2][status] GET https://api.github.com/user 200
[debug] [2022-12-27T14:49:56.604Z] <<< [apiv2][body] GET https://api.github.com/user {"login":"EliasGalindo0","id":90291253,"node_id":"MDQ6VXNlcjkwMjkxMjUz","avatar_url":"https://avatars.githubusercontent.com/u/90291253?v=4","gravatar_id":"","url":"https://api.github.com/users/EliasGalindo0","html_url":"https://github.com/EliasGalindo0","followers_url":"https://api.github.com/users/EliasGalindo0/followers","following_url":"https://api.github.com/users/EliasGalindo0/following{/other_user}","gists_url":"https://api.github.com/users/EliasGalindo0/gists{/gist_id}","starred_url":"https://api.github.com/users/EliasGalindo0/starred{/owner}{/repo}","subscriptions_url":"https://api.github.com/users/EliasGalindo0/subscriptions","organizations_url":"https://api.github.com/users/EliasGalindo0/orgs","repos_url":"https://api.github.com/users/EliasGalindo0/repos","events_url":"https://api.github.com/users/EliasGalindo0/events{/privacy}","received_events_url":"https://api.github.com/users/EliasGalindo0/received_events","type":"User","site_admin":false,"name":"Elias Pires Abrão Galindo","company":"@tryber ","blog":"https://eliasgalindo0.github.io/Portfolio-React/","location":"Brazil","email":"eliasgalindo@gmail.com","hireable":null,"bio":"Full Stack Web Developer - Javascript | PHP | Python | React.JS | Node.JS | TypeScript | Tests | Docker | SQL","twitter_username":null,"public_repos":53,"public_gists":0,"followers":6,"following":3,"created_at":"2021-09-07T23:29:56Z","updated_at":"2022-12-17T03:36:18Z","private_gists":1,"total_private_repos":8,"owned_private_repos":0,"disk_usage":231468,"collaborators":0,"two_factor_authentication":false,"plan":{"name":"free","space":976562499,"collaborators":0,"private_repos":10000}}
[info] 
[info] ✔  Success! Logged into GitHub as EliasGalindo0 
[info] 
